<?xml version="1.0" encoding="UTF-8"?>
<!-- Generated by org.testng.reporters.JUnitReportReporter -->
<testsuite hostname="LAPTOP-IQ6C4OPO" failures="0" tests="5" name="testngFlags.Flag4" time="0.011" errors="0" timestamp="2022-06-07T22:00:08 IST" skipped="0">
  <testcase classname="testngFlags.Flag4" name="b" time="0.008"/>
  <system-out>
    <![CDATA[b()]]>
  </system-out>
  <testcase classname="testngFlags.Flag4" name="w" time="0.001"/>
  <system-out>
    <![CDATA[w()]]>
  </system-out>
  <testcase classname="testngFlags.Flag4" name="z" time="0.000"/>
  <system-out>
    <![CDATA[z()]]>
  </system-out>
  <testcase classname="testngFlags.Flag4" name="x" time="0.001"/>
  <system-out>
    <![CDATA[x()]]>
  </system-out>
  <testcase classname="testngFlags.Flag4" name="a" time="0.001"/>
  <system-out>
    <![CDATA[a()]]>
  </system-out>
</testsuite> <!-- testngFlags.Flag4 -->
