<?xml version="1.0" encoding="UTF-8"?>
<!-- Generated by org.testng.reporters.JUnitReportReporter -->
<testsuite hostname="LAPTOP-IQ6C4OPO" failures="0" tests="2" name="testngFlags.OrangeHrmLogin" time="40.002" errors="0" timestamp="2022-06-07T23:06:13 IST" skipped="0">
  <testcase classname="testngFlags.OrangeHrmLogin" name="orangehrmLgn" time="19.925"/>
  <system-out/>
  <testcase classname="testngFlags.OrangeHrmLogin" name="orangehrmLgn" time="20.077"/>
  <system-out/>
</testsuite> <!-- testngFlags.OrangeHrmLogin -->
