<?xml version="1.0" encoding="UTF-8"?>
<!-- Generated by org.testng.reporters.JUnitReportReporter -->
<testsuite hostname="LAPTOP-IQ6C4OPO" failures="0" tests="200" name="testngFlags.Flag3" time="0.201" errors="0" timestamp="2022-06-07T21:55:03 IST" skipped="0">
  <testcase classname="testngFlags.Flag3" name="lgn" time="0.000"/>
  <system-out>
    <![CDATA[Flag 3 method lgn()]]>
  </system-out>
  <testcase classname="testngFlags.Flag3" name="lgn" time="0.000"/>
  <system-out>
    <![CDATA[Flag 3 method lgn()]]>
  </system-out>
  <testcase classname="testngFlags.Flag3" name="lgn" time="0.001"/>
  <system-out>
    <![CDATA[Flag 3 method lgn()]]>
  </system-out>
  <testcase classname="testngFlags.Flag3" name="lgn" time="0.001"/>
  <system-out>
    <![CDATA[Flag 3 method lgn()]]>
  </system-out>
  <testcase classname="testngFlags.Flag3" name="lgn" time="0.002"/>
  <system-out>
    <![CDATA[Flag 3 method lgn()]]>
  </system-out>
  <testcase classname="testngFlags.Flag3" name="lgn" time="0.001"/>
  <system-out>
    <![CDATA[Flag 3 method lgn()]]>
  </system-out>
  <testcase classname="testngFlags.Flag3" name="lgn" time="0.001"/>
  <system-out>
    <![CDATA[Flag 3 method lgn()]]>
  </system-out>
  <testcase classname="testngFlags.Flag3" name="lgn" time="0.000"/>
  <system-out>
    <![CDATA[Flag 3 method lgn()]]>
  </system-out>
  <testcase classname="testngFlags.Flag3" name="lgn" time="0.001"/>
  <system-out>
    <![CDATA[Flag 3 method lgn()]]>
  </system-out>
  <testcase classname="testngFlags.Flag3" name="lgn" time="0.010"/>
  <system-out>
    <![CDATA[Flag 3 method lgn()]]>
  </system-out>
  <testcase classname="testngFlags.Flag3" name="lgn" time="0.000"/>
  <system-out>
    <![CDATA[Flag 3 method lgn()]]>
  </system-out>
  <testcase classname="testngFlags.Flag3" name="lgn" time="0.000"/>
  <system-out>
    <![CDATA[Flag 3 method lgn()]]>
  </system-out>
  <testcase classname="testngFlags.Flag3" name="lgn" time="0.001"/>
  <system-out>
    <![CDATA[Flag 3 method lgn()]]>
  </system-out>
  <testcase classname="testngFlags.Flag3" name="lgn" time="0.001"/>
  <system-out>
    <![CDATA[Flag 3 method lgn()]]>
  </system-out>
  <testcase classname="testngFlags.Flag3" name="lgn" time="0.001"/>
  <system-out>
    <![CDATA[Flag 3 method lgn()]]>
  </system-out>
  <testcase classname="testngFlags.Flag3" name="lgn" time="0.001"/>
  <system-out>
    <![CDATA[Flag 3 method lgn()]]>
  </system-out>
  <testcase classname="testngFlags.Flag3" name="lgn" time="0.001"/>
  <system-out>
    <![CDATA[Flag 3 method lgn()]]>
  </system-out>
  <testcase classname="testngFlags.Flag3" name="lgn" time="0.002"/>
  <system-out>
    <![CDATA[Flag 3 method lgn()]]>
  </system-out>
  <testcase classname="testngFlags.Flag3" name="lgn" time="0.001"/>
  <system-out>
    <![CDATA[Flag 3 method lgn()]]>
  </system-out>
  <testcase classname="testngFlags.Flag3" name="lgn" time="0.000"/>
  <system-out>
    <![CDATA[Flag 3 method lgn()]]>
  </system-out>
  <testcase classname="testngFlags.Flag3" name="lgn" time="0.001"/>
  <system-out>
    <![CDATA[Flag 3 method lgn()]]>
  </system-out>
  <testcase classname="testngFlags.Flag3" name="lgn" time="0.001"/>
  <system-out>
    <![CDATA[Flag 3 method lgn()]]>
  </system-out>
  <testcase classname="testngFlags.Flag3" name="lgn" time="0.002"/>
  <system-out>
    <![CDATA[Flag 3 method lgn()]]>
  </system-out>
  <testcase classname="testngFlags.Flag3" name="lgn" time="0.001"/>
  <system-out>
    <![CDATA[Flag 3 method lgn()]]>
  </system-out>
  <testcase classname="testngFlags.Flag3" name="lgn" time="0.001"/>
  <system-out>
    <![CDATA[Flag 3 method lgn()]]>
  </system-out>
  <testcase classname="testngFlags.Flag3" name="lgn" time="0.001"/>
  <system-out>
    <![CDATA[Flag 3 method lgn()]]>
  </system-out>
  <testcase classname="testngFlags.Flag3" name="lgn" time="0.001"/>
  <system-out>
    <![CDATA[Flag 3 method lgn()]]>
  </system-out>
  <testcase classname="testngFlags.Flag3" name="lgn" time="0.001"/>
  <system-out>
    <![CDATA[Flag 3 method lgn()]]>
  </system-out>
  <testcase classname="testngFlags.Flag3" name="lgn" time="0.001"/>
  <system-out>
    <![CDATA[Flag 3 method lgn()]]>
  </system-out>
  <testcase classname="testngFlags.Flag3" name="lgn" time="0.000"/>
  <system-out>
    <![CDATA[Flag 3 method lgn()]]>
  </system-out>
  <testcase classname="testngFlags.Flag3" name="lgn" time="0.001"/>
  <system-out>
    <![CDATA[Flag 3 method lgn()]]>
  </system-out>
  <testcase classname="testngFlags.Flag3" name="lgn" time="0.002"/>
  <system-out>
    <![CDATA[Flag 3 method lgn()]]>
  </system-out>
  <testcase classname="testngFlags.Flag3" name="lgn" time="0.001"/>
  <system-out>
    <![CDATA[Flag 3 method lgn()]]>
  </system-out>
  <testcase classname="testngFlags.Flag3" name="lgn" time="0.002"/>
  <system-out>
    <![CDATA[Flag 3 method lgn()]]>
  </system-out>
  <testcase classname="testngFlags.Flag3" name="lgn" time="0.000"/>
  <system-out>
    <![CDATA[Flag 3 method lgn()]]>
  </system-out>
  <testcase classname="testngFlags.Flag3" name="lgn" time="0.002"/>
  <system-out>
    <![CDATA[Flag 3 method lgn()]]>
  </system-out>
  <testcase classname="testngFlags.Flag3" name="lgn" time="0.000"/>
  <system-out>
    <![CDATA[Flag 3 method lgn()]]>
  </system-out>
  <testcase classname="testngFlags.Flag3" name="lgn" time="0.002"/>
  <system-out>
    <![CDATA[Flag 3 method lgn()]]>
  </system-out>
  <testcase classname="testngFlags.Flag3" name="lgn" time="0.000"/>
  <system-out>
    <![CDATA[Flag 3 method lgn()]]>
  </system-out>
  <testcase classname="testngFlags.Flag3" name="lgn" time="0.000"/>
  <system-out>
    <![CDATA[Flag 3 method lgn()]]>
  </system-out>
  <testcase classname="testngFlags.Flag3" name="lgn" time="0.001"/>
  <system-out>
    <![CDATA[Flag 3 method lgn()]]>
  </system-out>
  <testcase classname="testngFlags.Flag3" name="lgn" time="0.000"/>
  <system-out>
    <![CDATA[Flag 3 method lgn()]]>
  </system-out>
  <testcase classname="testngFlags.Flag3" name="lgn" time="0.001"/>
  <system-out>
    <![CDATA[Flag 3 method lgn()]]>
  </system-out>
  <testcase classname="testngFlags.Flag3" name="lgn" time="0.001"/>
  <system-out>
    <![CDATA[Flag 3 method lgn()]]>
  </system-out>
  <testcase classname="testngFlags.Flag3" name="lgn" time="0.000"/>
  <system-out>
    <![CDATA[Flag 3 method lgn()]]>
  </system-out>
  <testcase classname="testngFlags.Flag3" name="lgn" time="0.002"/>
  <system-out>
    <![CDATA[Flag 3 method lgn()]]>
  </system-out>
  <testcase classname="testngFlags.Flag3" name="lgn" time="0.001"/>
  <system-out>
    <![CDATA[Flag 3 method lgn()]]>
  </system-out>
  <testcase classname="testngFlags.Flag3" name="lgn" time="0.001"/>
  <system-out>
    <![CDATA[Flag 3 method lgn()]]>
  </system-out>
  <testcase classname="testngFlags.Flag3" name="lgn" time="0.001"/>
  <system-out>
    <![CDATA[Flag 3 method lgn()]]>
  </system-out>
  <testcase classname="testngFlags.Flag3" name="lgn" time="0.000"/>
  <system-out>
    <![CDATA[Flag 3 method lgn()]]>
  </system-out>
  <testcase classname="testngFlags.Flag3" name="lgn" time="0.001"/>
  <system-out>
    <![CDATA[Flag 3 method lgn()]]>
  </system-out>
  <testcase classname="testngFlags.Flag3" name="lgn" time="0.001"/>
  <system-out>
    <![CDATA[Flag 3 method lgn()]]>
  </system-out>
  <testcase classname="testngFlags.Flag3" name="lgn" time="0.000"/>
  <system-out>
    <![CDATA[Flag 3 method lgn()]]>
  </system-out>
  <testcase classname="testngFlags.Flag3" name="lgn" time="0.002"/>
  <system-out>
    <![CDATA[Flag 3 method lgn()]]>
  </system-out>
  <testcase classname="testngFlags.Flag3" name="lgn" time="0.000"/>
  <system-out>
    <![CDATA[Flag 3 method lgn()]]>
  </system-out>
  <testcase classname="testngFlags.Flag3" name="lgn" time="0.001"/>
  <system-out>
    <![CDATA[Flag 3 method lgn()]]>
  </system-out>
  <testcase classname="testngFlags.Flag3" name="lgn" time="0.001"/>
  <system-out>
    <![CDATA[Flag 3 method lgn()]]>
  </system-out>
  <testcase classname="testngFlags.Flag3" name="lgn" time="0.001"/>
  <system-out>
    <![CDATA[Flag 3 method lgn()]]>
  </system-out>
  <testcase classname="testngFlags.Flag3" name="lgn" time="0.002"/>
  <system-out>
    <![CDATA[Flag 3 method lgn()]]>
  </system-out>
  <testcase classname="testngFlags.Flag3" name="lgn" time="0.001"/>
  <system-out>
    <![CDATA[Flag 3 method lgn()]]>
  </system-out>
  <testcase classname="testngFlags.Flag3" name="lgn" time="0.001"/>
  <system-out>
    <![CDATA[Flag 3 method lgn()]]>
  </system-out>
  <testcase classname="testngFlags.Flag3" name="lgn" time="0.000"/>
  <system-out>
    <![CDATA[Flag 3 method lgn()]]>
  </system-out>
  <testcase classname="testngFlags.Flag3" name="lgn" time="0.001"/>
  <system-out>
    <![CDATA[Flag 3 method lgn()]]>
  </system-out>
  <testcase classname="testngFlags.Flag3" name="lgn" time="0.001"/>
  <system-out>
    <![CDATA[Flag 3 method lgn()]]>
  </system-out>
  <testcase classname="testngFlags.Flag3" name="lgn" time="0.000"/>
  <system-out>
    <![CDATA[Flag 3 method lgn()]]>
  </system-out>
  <testcase classname="testngFlags.Flag3" name="lgn" time="0.001"/>
  <system-out>
    <![CDATA[Flag 3 method lgn()]]>
  </system-out>
  <testcase classname="testngFlags.Flag3" name="lgn" time="0.000"/>
  <system-out>
    <![CDATA[Flag 3 method lgn()]]>
  </system-out>
  <testcase classname="testngFlags.Flag3" name="lgn" time="0.000"/>
  <system-out>
    <![CDATA[Flag 3 method lgn()]]>
  </system-out>
  <testcase classname="testngFlags.Flag3" name="lgn" time="0.001"/>
  <system-out>
    <![CDATA[Flag 3 method lgn()]]>
  </system-out>
  <testcase classname="testngFlags.Flag3" name="lgn" time="0.000"/>
  <system-out>
    <![CDATA[Flag 3 method lgn()]]>
  </system-out>
  <testcase classname="testngFlags.Flag3" name="lgn" time="0.010"/>
  <system-out>
    <![CDATA[Flag 3 method lgn()]]>
  </system-out>
  <testcase classname="testngFlags.Flag3" name="lgn" time="0.002"/>
  <system-out>
    <![CDATA[Flag 3 method lgn()]]>
  </system-out>
  <testcase classname="testngFlags.Flag3" name="lgn" time="0.002"/>
  <system-out>
    <![CDATA[Flag 3 method lgn()]]>
  </system-out>
  <testcase classname="testngFlags.Flag3" name="lgn" time="0.001"/>
  <system-out>
    <![CDATA[Flag 3 method lgn()]]>
  </system-out>
  <testcase classname="testngFlags.Flag3" name="lgn" time="0.002"/>
  <system-out>
    <![CDATA[Flag 3 method lgn()]]>
  </system-out>
  <testcase classname="testngFlags.Flag3" name="lgn" time="0.001"/>
  <system-out>
    <![CDATA[Flag 3 method lgn()]]>
  </system-out>
  <testcase classname="testngFlags.Flag3" name="lgn" time="0.000"/>
  <system-out>
    <![CDATA[Flag 3 method lgn()]]>
  </system-out>
  <testcase classname="testngFlags.Flag3" name="lgn" time="0.000"/>
  <system-out>
    <![CDATA[Flag 3 method lgn()]]>
  </system-out>
  <testcase classname="testngFlags.Flag3" name="lgn" time="0.000"/>
  <system-out>
    <![CDATA[Flag 3 method lgn()]]>
  </system-out>
  <testcase classname="testngFlags.Flag3" name="lgn" time="0.001"/>
  <system-out>
    <![CDATA[Flag 3 method lgn()]]>
  </system-out>
  <testcase classname="testngFlags.Flag3" name="lgn" time="0.002"/>
  <system-out>
    <![CDATA[Flag 3 method lgn()]]>
  </system-out>
  <testcase classname="testngFlags.Flag3" name="lgn" time="0.000"/>
  <system-out>
    <![CDATA[Flag 3 method lgn()]]>
  </system-out>
  <testcase classname="testngFlags.Flag3" name="lgn" time="0.001"/>
  <system-out>
    <![CDATA[Flag 3 method lgn()]]>
  </system-out>
  <testcase classname="testngFlags.Flag3" name="lgn" time="0.000"/>
  <system-out>
    <![CDATA[Flag 3 method lgn()]]>
  </system-out>
  <testcase classname="testngFlags.Flag3" name="lgn" time="0.001"/>
  <system-out>
    <![CDATA[Flag 3 method lgn()]]>
  </system-out>
  <testcase classname="testngFlags.Flag3" name="lgn" time="0.001"/>
  <system-out>
    <![CDATA[Flag 3 method lgn()]]>
  </system-out>
  <testcase classname="testngFlags.Flag3" name="lgn" time="0.001"/>
  <system-out>
    <![CDATA[Flag 3 method lgn()]]>
  </system-out>
  <testcase classname="testngFlags.Flag3" name="lgn" time="0.001"/>
  <system-out>
    <![CDATA[Flag 3 method lgn()]]>
  </system-out>
  <testcase classname="testngFlags.Flag3" name="lgn" time="0.002"/>
  <system-out>
    <![CDATA[Flag 3 method lgn()]]>
  </system-out>
  <testcase classname="testngFlags.Flag3" name="lgn" time="0.001"/>
  <system-out>
    <![CDATA[Flag 3 method lgn()]]>
  </system-out>
  <testcase classname="testngFlags.Flag3" name="lgn" time="0.001"/>
  <system-out>
    <![CDATA[Flag 3 method lgn()]]>
  </system-out>
  <testcase classname="testngFlags.Flag3" name="lgn" time="0.001"/>
  <system-out>
    <![CDATA[Flag 3 method lgn()]]>
  </system-out>
  <testcase classname="testngFlags.Flag3" name="lgn" time="0.000"/>
  <system-out>
    <![CDATA[Flag 3 method lgn()]]>
  </system-out>
  <testcase classname="testngFlags.Flag3" name="lgn" time="0.002"/>
  <system-out>
    <![CDATA[Flag 3 method lgn()]]>
  </system-out>
  <testcase classname="testngFlags.Flag3" name="lgn" time="0.001"/>
  <system-out>
    <![CDATA[Flag 3 method lgn()]]>
  </system-out>
  <testcase classname="testngFlags.Flag3" name="lgn" time="0.000"/>
  <system-out>
    <![CDATA[Flag 3 method lgn()]]>
  </system-out>
  <testcase classname="testngFlags.Flag3" name="lgn" time="0.001"/>
  <system-out>
    <![CDATA[Flag 3 method lgn()]]>
  </system-out>
  <testcase classname="testngFlags.Flag3" name="lgn" time="0.002"/>
  <system-out>
    <![CDATA[Flag 3 method lgn()]]>
  </system-out>
  <testcase classname="testngFlags.Flag3" name="lgn" time="0.000"/>
  <system-out>
    <![CDATA[Flag 3 method lgn()]]>
  </system-out>
  <testcase classname="testngFlags.Flag3" name="lgn" time="0.001"/>
  <system-out>
    <![CDATA[Flag 3 method lgn()]]>
  </system-out>
  <testcase classname="testngFlags.Flag3" name="lgn" time="0.001"/>
  <system-out>
    <![CDATA[Flag 3 method lgn()]]>
  </system-out>
  <testcase classname="testngFlags.Flag3" name="lgn" time="0.002"/>
  <system-out>
    <![CDATA[Flag 3 method lgn()]]>
  </system-out>
  <testcase classname="testngFlags.Flag3" name="lgn" time="0.001"/>
  <system-out>
    <![CDATA[Flag 3 method lgn()]]>
  </system-out>
  <testcase classname="testngFlags.Flag3" name="lgn" time="0.000"/>
  <system-out>
    <![CDATA[Flag 3 method lgn()]]>
  </system-out>
  <testcase classname="testngFlags.Flag3" name="lgn" time="0.002"/>
  <system-out>
    <![CDATA[Flag 3 method lgn()]]>
  </system-out>
  <testcase classname="testngFlags.Flag3" name="lgn" time="0.001"/>
  <system-out>
    <![CDATA[Flag 3 method lgn()]]>
  </system-out>
  <testcase classname="testngFlags.Flag3" name="lgn" time="0.001"/>
  <system-out>
    <![CDATA[Flag 3 method lgn()]]>
  </system-out>
  <testcase classname="testngFlags.Flag3" name="lgn" time="0.000"/>
  <system-out>
    <![CDATA[Flag 3 method lgn()]]>
  </system-out>
  <testcase classname="testngFlags.Flag3" name="lgn" time="0.001"/>
  <system-out>
    <![CDATA[Flag 3 method lgn()]]>
  </system-out>
  <testcase classname="testngFlags.Flag3" name="lgn" time="0.001"/>
  <system-out>
    <![CDATA[Flag 3 method lgn()]]>
  </system-out>
  <testcase classname="testngFlags.Flag3" name="lgn" time="0.001"/>
  <system-out>
    <![CDATA[Flag 3 method lgn()]]>
  </system-out>
  <testcase classname="testngFlags.Flag3" name="lgn" time="0.001"/>
  <system-out>
    <![CDATA[Flag 3 method lgn()]]>
  </system-out>
  <testcase classname="testngFlags.Flag3" name="lgn" time="0.001"/>
  <system-out>
    <![CDATA[Flag 3 method lgn()]]>
  </system-out>
  <testcase classname="testngFlags.Flag3" name="lgn" time="0.000"/>
  <system-out>
    <![CDATA[Flag 3 method lgn()]]>
  </system-out>
  <testcase classname="testngFlags.Flag3" name="lgn" time="0.003"/>
  <system-out>
    <![CDATA[Flag 3 method lgn()]]>
  </system-out>
  <testcase classname="testngFlags.Flag3" name="lgn" time="0.001"/>
  <system-out>
    <![CDATA[Flag 3 method lgn()]]>
  </system-out>
  <testcase classname="testngFlags.Flag3" name="lgn" time="0.000"/>
  <system-out>
    <![CDATA[Flag 3 method lgn()]]>
  </system-out>
  <testcase classname="testngFlags.Flag3" name="lgn" time="0.002"/>
  <system-out>
    <![CDATA[Flag 3 method lgn()]]>
  </system-out>
  <testcase classname="testngFlags.Flag3" name="lgn" time="0.001"/>
  <system-out>
    <![CDATA[Flag 3 method lgn()]]>
  </system-out>
  <testcase classname="testngFlags.Flag3" name="lgn" time="0.002"/>
  <system-out>
    <![CDATA[Flag 3 method lgn()]]>
  </system-out>
  <testcase classname="testngFlags.Flag3" name="lgn" time="0.000"/>
  <system-out>
    <![CDATA[Flag 3 method lgn()]]>
  </system-out>
  <testcase classname="testngFlags.Flag3" name="lgn" time="0.000"/>
  <system-out>
    <![CDATA[Flag 3 method lgn()]]>
  </system-out>
  <testcase classname="testngFlags.Flag3" name="lgn" time="0.000"/>
  <system-out>
    <![CDATA[Flag 3 method lgn()]]>
  </system-out>
  <testcase classname="testngFlags.Flag3" name="lgn" time="0.001"/>
  <system-out>
    <![CDATA[Flag 3 method lgn()]]>
  </system-out>
  <testcase classname="testngFlags.Flag3" name="lgn" time="0.001"/>
  <system-out>
    <![CDATA[Flag 3 method lgn()]]>
  </system-out>
  <testcase classname="testngFlags.Flag3" name="lgn" time="0.000"/>
  <system-out>
    <![CDATA[Flag 3 method lgn()]]>
  </system-out>
  <testcase classname="testngFlags.Flag3" name="lgn" time="0.001"/>
  <system-out>
    <![CDATA[Flag 3 method lgn()]]>
  </system-out>
  <testcase classname="testngFlags.Flag3" name="lgn" time="0.001"/>
  <system-out>
    <![CDATA[Flag 3 method lgn()]]>
  </system-out>
  <testcase classname="testngFlags.Flag3" name="lgn" time="0.001"/>
  <system-out>
    <![CDATA[Flag 3 method lgn()]]>
  </system-out>
  <testcase classname="testngFlags.Flag3" name="lgn" time="0.000"/>
  <system-out>
    <![CDATA[Flag 3 method lgn()]]>
  </system-out>
  <testcase classname="testngFlags.Flag3" name="lgn" time="0.001"/>
  <system-out>
    <![CDATA[Flag 3 method lgn()]]>
  </system-out>
  <testcase classname="testngFlags.Flag3" name="lgn" time="0.001"/>
  <system-out>
    <![CDATA[Flag 3 method lgn()]]>
  </system-out>
  <testcase classname="testngFlags.Flag3" name="lgn" time="0.000"/>
  <system-out>
    <![CDATA[Flag 3 method lgn()]]>
  </system-out>
  <testcase classname="testngFlags.Flag3" name="lgn" time="0.001"/>
  <system-out>
    <![CDATA[Flag 3 method lgn()]]>
  </system-out>
  <testcase classname="testngFlags.Flag3" name="lgn" time="0.001"/>
  <system-out>
    <![CDATA[Flag 3 method lgn()]]>
  </system-out>
  <testcase classname="testngFlags.Flag3" name="lgn" time="0.001"/>
  <system-out>
    <![CDATA[Flag 3 method lgn()]]>
  </system-out>
  <testcase classname="testngFlags.Flag3" name="lgn" time="0.000"/>
  <system-out>
    <![CDATA[Flag 3 method lgn()]]>
  </system-out>
  <testcase classname="testngFlags.Flag3" name="lgn" time="0.001"/>
  <system-out>
    <![CDATA[Flag 3 method lgn()]]>
  </system-out>
  <testcase classname="testngFlags.Flag3" name="lgn" time="0.001"/>
  <system-out>
    <![CDATA[Flag 3 method lgn()]]>
  </system-out>
  <testcase classname="testngFlags.Flag3" name="lgn" time="0.001"/>
  <system-out>
    <![CDATA[Flag 3 method lgn()]]>
  </system-out>
  <testcase classname="testngFlags.Flag3" name="lgn" time="0.001"/>
  <system-out>
    <![CDATA[Flag 3 method lgn()]]>
  </system-out>
  <testcase classname="testngFlags.Flag3" name="lgn" time="0.001"/>
  <system-out>
    <![CDATA[Flag 3 method lgn()]]>
  </system-out>
  <testcase classname="testngFlags.Flag3" name="lgn" time="0.002"/>
  <system-out>
    <![CDATA[Flag 3 method lgn()]]>
  </system-out>
  <testcase classname="testngFlags.Flag3" name="lgn" time="0.001"/>
  <system-out>
    <![CDATA[Flag 3 method lgn()]]>
  </system-out>
  <testcase classname="testngFlags.Flag3" name="lgn" time="0.000"/>
  <system-out>
    <![CDATA[Flag 3 method lgn()]]>
  </system-out>
  <testcase classname="testngFlags.Flag3" name="lgn" time="0.001"/>
  <system-out>
    <![CDATA[Flag 3 method lgn()]]>
  </system-out>
  <testcase classname="testngFlags.Flag3" name="lgn" time="0.001"/>
  <system-out>
    <![CDATA[Flag 3 method lgn()]]>
  </system-out>
  <testcase classname="testngFlags.Flag3" name="lgn" time="0.002"/>
  <system-out>
    <![CDATA[Flag 3 method lgn()]]>
  </system-out>
  <testcase classname="testngFlags.Flag3" name="lgn" time="0.000"/>
  <system-out>
    <![CDATA[Flag 3 method lgn()]]>
  </system-out>
  <testcase classname="testngFlags.Flag3" name="lgn" time="0.001"/>
  <system-out>
    <![CDATA[Flag 3 method lgn()]]>
  </system-out>
  <testcase classname="testngFlags.Flag3" name="lgn" time="0.001"/>
  <system-out>
    <![CDATA[Flag 3 method lgn()]]>
  </system-out>
  <testcase classname="testngFlags.Flag3" name="lgn" time="0.000"/>
  <system-out>
    <![CDATA[Flag 3 method lgn()]]>
  </system-out>
  <testcase classname="testngFlags.Flag3" name="lgn" time="0.001"/>
  <system-out>
    <![CDATA[Flag 3 method lgn()]]>
  </system-out>
  <testcase classname="testngFlags.Flag3" name="lgn" time="0.002"/>
  <system-out>
    <![CDATA[Flag 3 method lgn()]]>
  </system-out>
  <testcase classname="testngFlags.Flag3" name="lgn" time="0.001"/>
  <system-out>
    <![CDATA[Flag 3 method lgn()]]>
  </system-out>
  <testcase classname="testngFlags.Flag3" name="lgn" time="0.000"/>
  <system-out>
    <![CDATA[Flag 3 method lgn()]]>
  </system-out>
  <testcase classname="testngFlags.Flag3" name="lgn" time="0.001"/>
  <system-out>
    <![CDATA[Flag 3 method lgn()]]>
  </system-out>
  <testcase classname="testngFlags.Flag3" name="lgn" time="0.000"/>
  <system-out>
    <![CDATA[Flag 3 method lgn()]]>
  </system-out>
  <testcase classname="testngFlags.Flag3" name="lgn" time="0.000"/>
  <system-out>
    <![CDATA[Flag 3 method lgn()]]>
  </system-out>
  <testcase classname="testngFlags.Flag3" name="lgn" time="0.001"/>
  <system-out>
    <![CDATA[Flag 3 method lgn()]]>
  </system-out>
  <testcase classname="testngFlags.Flag3" name="lgn" time="0.001"/>
  <system-out>
    <![CDATA[Flag 3 method lgn()]]>
  </system-out>
  <testcase classname="testngFlags.Flag3" name="lgn" time="0.001"/>
  <system-out>
    <![CDATA[Flag 3 method lgn()]]>
  </system-out>
  <testcase classname="testngFlags.Flag3" name="lgn" time="0.001"/>
  <system-out>
    <![CDATA[Flag 3 method lgn()]]>
  </system-out>
  <testcase classname="testngFlags.Flag3" name="lgn" time="0.000"/>
  <system-out>
    <![CDATA[Flag 3 method lgn()]]>
  </system-out>
  <testcase classname="testngFlags.Flag3" name="lgn" time="0.001"/>
  <system-out>
    <![CDATA[Flag 3 method lgn()]]>
  </system-out>
  <testcase classname="testngFlags.Flag3" name="lgn" time="0.001"/>
  <system-out>
    <![CDATA[Flag 3 method lgn()]]>
  </system-out>
  <testcase classname="testngFlags.Flag3" name="lgn" time="0.000"/>
  <system-out>
    <![CDATA[Flag 3 method lgn()]]>
  </system-out>
  <testcase classname="testngFlags.Flag3" name="lgn" time="0.002"/>
  <system-out>
    <![CDATA[Flag 3 method lgn()]]>
  </system-out>
  <testcase classname="testngFlags.Flag3" name="lgn" time="0.002"/>
  <system-out>
    <![CDATA[Flag 3 method lgn()]]>
  </system-out>
  <testcase classname="testngFlags.Flag3" name="lgn" time="0.000"/>
  <system-out>
    <![CDATA[Flag 3 method lgn()]]>
  </system-out>
  <testcase classname="testngFlags.Flag3" name="lgn" time="0.001"/>
  <system-out>
    <![CDATA[Flag 3 method lgn()]]>
  </system-out>
  <testcase classname="testngFlags.Flag3" name="lgn" time="0.001"/>
  <system-out>
    <![CDATA[Flag 3 method lgn()]]>
  </system-out>
  <testcase classname="testngFlags.Flag3" name="lgn" time="0.000"/>
  <system-out>
    <![CDATA[Flag 3 method lgn()]]>
  </system-out>
  <testcase classname="testngFlags.Flag3" name="lgn" time="0.001"/>
  <system-out>
    <![CDATA[Flag 3 method lgn()]]>
  </system-out>
  <testcase classname="testngFlags.Flag3" name="lgn" time="0.001"/>
  <system-out>
    <![CDATA[Flag 3 method lgn()]]>
  </system-out>
  <testcase classname="testngFlags.Flag3" name="lgn" time="0.001"/>
  <system-out>
    <![CDATA[Flag 3 method lgn()]]>
  </system-out>
  <testcase classname="testngFlags.Flag3" name="lgn" time="0.001"/>
  <system-out>
    <![CDATA[Flag 3 method lgn()]]>
  </system-out>
  <testcase classname="testngFlags.Flag3" name="lgn" time="0.000"/>
  <system-out>
    <![CDATA[Flag 3 method lgn()]]>
  </system-out>
  <testcase classname="testngFlags.Flag3" name="lgn" time="0.001"/>
  <system-out>
    <![CDATA[Flag 3 method lgn()]]>
  </system-out>
  <testcase classname="testngFlags.Flag3" name="lgn" time="0.004"/>
  <system-out>
    <![CDATA[Flag 3 method lgn()]]>
  </system-out>
  <testcase classname="testngFlags.Flag3" name="lgn" time="0.001"/>
  <system-out>
    <![CDATA[Flag 3 method lgn()]]>
  </system-out>
  <testcase classname="testngFlags.Flag3" name="lgn" time="0.001"/>
  <system-out>
    <![CDATA[Flag 3 method lgn()]]>
  </system-out>
  <testcase classname="testngFlags.Flag3" name="lgn" time="0.002"/>
  <system-out>
    <![CDATA[Flag 3 method lgn()]]>
  </system-out>
  <testcase classname="testngFlags.Flag3" name="lgn" time="0.002"/>
  <system-out>
    <![CDATA[Flag 3 method lgn()]]>
  </system-out>
  <testcase classname="testngFlags.Flag3" name="lgn" time="0.002"/>
  <system-out>
    <![CDATA[Flag 3 method lgn()]]>
  </system-out>
  <testcase classname="testngFlags.Flag3" name="lgn" time="0.002"/>
  <system-out>
    <![CDATA[Flag 3 method lgn()]]>
  </system-out>
  <testcase classname="testngFlags.Flag3" name="lgn" time="0.002"/>
  <system-out>
    <![CDATA[Flag 3 method lgn()]]>
  </system-out>
  <testcase classname="testngFlags.Flag3" name="lgn" time="0.002"/>
  <system-out>
    <![CDATA[Flag 3 method lgn()]]>
  </system-out>
  <testcase classname="testngFlags.Flag3" name="lgn" time="0.001"/>
  <system-out>
    <![CDATA[Flag 3 method lgn()]]>
  </system-out>
  <testcase classname="testngFlags.Flag3" name="lgn" time="0.001"/>
  <system-out>
    <![CDATA[Flag 3 method lgn()]]>
  </system-out>
  <testcase classname="testngFlags.Flag3" name="lgn" time="0.000"/>
  <system-out>
    <![CDATA[Flag 3 method lgn()]]>
  </system-out>
  <testcase classname="testngFlags.Flag3" name="lgn" time="0.001"/>
  <system-out>
    <![CDATA[Flag 3 method lgn()]]>
  </system-out>
  <testcase classname="testngFlags.Flag3" name="lgn" time="0.002"/>
  <system-out>
    <![CDATA[Flag 3 method lgn()]]>
  </system-out>
  <testcase classname="testngFlags.Flag3" name="lgn" time="0.001"/>
  <system-out>
    <![CDATA[Flag 3 method lgn()]]>
  </system-out>
  <testcase classname="testngFlags.Flag3" name="lgn" time="0.000"/>
  <system-out>
    <![CDATA[Flag 3 method lgn()]]>
  </system-out>
  <testcase classname="testngFlags.Flag3" name="lgn" time="0.000"/>
  <system-out>
    <![CDATA[Flag 3 method lgn()]]>
  </system-out>
  <testcase classname="testngFlags.Flag3" name="lgn" time="0.001"/>
  <system-out>
    <![CDATA[Flag 3 method lgn()]]>
  </system-out>
  <testcase classname="testngFlags.Flag3" name="lgn" time="0.001"/>
  <system-out>
    <![CDATA[Flag 3 method lgn()]]>
  </system-out>
  <testcase classname="testngFlags.Flag3" name="lgn" time="0.000"/>
  <system-out>
    <![CDATA[Flag 3 method lgn()]]>
  </system-out>
  <testcase classname="testngFlags.Flag3" name="lgn" time="0.001"/>
  <system-out>
    <![CDATA[Flag 3 method lgn()]]>
  </system-out>
</testsuite> <!-- testngFlags.Flag3 -->
