<?xml version="1.0" encoding="UTF-8"?>
<!-- Generated by org.testng.reporters.JUnitReportReporter -->
<testsuite hostname="LAPTOP-IQ6C4OPO" failures="0" tests="4" name="testngFlags.Flag7" time="0.013" errors="0" timestamp="2022-06-07T22:21:07 IST" skipped="0">
  <testcase classname="testngFlags.Flag7" name="itc1" time="0.010"/>
  <system-out>
    <![CDATA[itc01]]>
  </system-out>
  <testcase classname="testngFlags.Flag7" name="itc2" time="0.001"/>
  <system-out>
    <![CDATA[itc02]]>
  </system-out>
  <testcase classname="testngFlags.Flag7" name="stc1" time="0.001"/>
  <system-out>
    <![CDATA[stc01]]>
  </system-out>
  <testcase classname="testngFlags.Flag7" name="stc2" time="0.001"/>
  <system-out>
    <![CDATA[stc02]]>
  </system-out>
</testsuite> <!-- testngFlags.Flag7 -->
