<?xml version="1.0" encoding="UTF-8"?>
<!-- Generated by org.testng.reporters.JUnitReportReporter -->
<testsuite hostname="LAPTOP-IQ6C4OPO" failures="0" tests="2" name="testngpack.GroupsExecutionInParallel" time="0.009" errors="0" timestamp="2022-06-08T20:38:46 IST" skipped="0">
  <testcase classname="testngpack.GroupsExecutionInParallel" name="browser3" time="0.001"/>
  <system-out>
    <![CDATA[browser3 opened]]>
  </system-out>
  <testcase classname="testngpack.GroupsExecutionInParallel" name="browser1" time="0.008"/>
  <system-out>
    <![CDATA[browser1 opened]]>
  </system-out>
</testsuite> <!-- testngpack.GroupsExecutionInParallel -->
