<?xml version="1.0" encoding="UTF-8"?>
<!-- Generated by org.testng.reporters.JUnitReportReporter -->
<testsuite hostname="LAPTOP-IQ6C4OPO" failures="0" tests="1" name="assertion.AssertionTestNG" time="17.919" errors="0" timestamp="2022-06-08T09:35:43 IST" skipped="0">
  <testcase classname="assertion.AssertionTestNG" name="orangeHrmLogin" time="17.919"/>
  <system-out>
    <![CDATA[create user
create contact]]>
  </system-out>
</testsuite> <!-- assertion.AssertionTestNG -->
