<?xml version="1.0" encoding="UTF-8"?>
<!-- Generated by org.testng.reporters.JUnitReportReporter -->
<testsuite hostname="LAPTOP-IQ6C4OPO" failures="0" tests="4" name="testngpack.DataProvider" time="19.354" errors="0" timestamp="2022-06-10T20:31:42 IST" skipped="0">
  <testcase classname="testngpack.DataProvider" name="loginActitime" time="4.609"/>
  <system-out/>
  <testcase classname="testngpack.DataProvider" name="loginActitime" time="5.405"/>
  <system-out/>
  <testcase classname="testngpack.DataProvider" name="loginActitime" time="4.744"/>
  <system-out/>
  <testcase classname="testngpack.DataProvider" name="loginActitime" time="4.596"/>
  <system-out/>
</testsuite> <!-- testngpack.DataProvider -->
