<?xml version="1.0" encoding="UTF-8"?>
<!-- Generated by org.testng.reporters.JUnitReportReporter -->
<testsuite hostname="LAPTOP-IQ6C4OPO" failures="0" tests="2" name="testngFlags.Flag2" time="0.009" errors="0" timestamp="2022-06-07T21:52:53 IST" skipped="1">
  <testcase classname="testngFlags.Flag2" name="a" time="0.009"/>
  <system-out>
    <![CDATA[flag 2 Method a() ]]>
  </system-out>
  <testcase classname="testngFlags.Flag2" name="b">
    <skipped/>
  </testcase> <!-- b -->
  <system-out/>
</testsuite> <!-- testngFlags.Flag2 -->
