<?xml version="1.0" encoding="UTF-8"?>
<!-- Generated by org.testng.reporters.JUnitReportReporter -->
<testsuite hostname="LAPTOP-IQ6C4OPO" failures="0" tests="1" name="testngFlags.Flag1" time="0.010" errors="0" timestamp="2022-06-07T21:48:47 IST" skipped="0">
  <testcase classname="testngFlags.Flag1" name="f" time="0.010"/>
  <system-out>
    <![CDATA[f()]]>
  </system-out>
</testsuite> <!-- testngFlags.Flag1 -->
