<?xml version="1.0" encoding="UTF-8"?>
<!-- Generated by org.testng.reporters.JUnitReportReporter -->
<testsuite hostname="LAPTOP-IQ6C4OPO" failures="0" tests="4" name="testngpack.ParallelMethodExecution" time="31.667" errors="0" timestamp="2022-06-08T20:27:15 IST" skipped="0">
  <testcase classname="testngpack.ParallelMethodExecution" name="browser1" time="5.586"/>
  <system-out>
    <![CDATA[browser1 opened]]>
  </system-out>
  <testcase classname="testngpack.ParallelMethodExecution" name="browser3" time="5.847"/>
  <system-out>
    <![CDATA[browser3 opened]]>
  </system-out>
  <testcase classname="testngpack.ParallelMethodExecution" name="browser2" time="12.359"/>
  <system-out>
    <![CDATA[browser2 opened]]>
  </system-out>
  <testcase classname="testngpack.ParallelMethodExecution" name="browser4" time="7.875"/>
  <system-out>
    <![CDATA[browser4 opened]]>
  </system-out>
</testsuite> <!-- testngpack.ParallelMethodExecution -->
