<?xml version="1.0" encoding="UTF-8"?>
<!-- Generated by org.testng.reporters.JUnitReportReporter -->
<testsuite hostname="LAPTOP-IQ6C4OPO" failures="0" tests="4" name="assignments.DataProviderAnnotation" time="62.443" errors="0" timestamp="2022-06-10T20:51:17 IST" skipped="0">
  <testcase classname="assignments.DataProviderAnnotation" name="login" time="13.005"/>
  <system-out/>
  <testcase classname="assignments.DataProviderAnnotation" name="login" time="15.050"/>
  <system-out/>
  <testcase classname="assignments.DataProviderAnnotation" name="login" time="20.325"/>
  <system-out/>
  <testcase classname="assignments.DataProviderAnnotation" name="login" time="14.063"/>
  <system-out/>
</testsuite> <!-- assignments.DataProviderAnnotation -->
