<?xml version="1.0" encoding="UTF-8"?>
<!-- Generated by org.testng.reporters.JUnitReportReporter -->
<testsuite hostname="LAPTOP-IQ6C4OPO" failures="0" tests="1" name="testngpack.ParallelExecution1" time="0.009" errors="0" timestamp="2022-06-08T20:08:07 IST" skipped="0">
  <testcase classname="testngpack.ParallelExecution1" name="Class1" time="0.009"/>
  <system-out>
    <![CDATA[class 1]]>
  </system-out>
</testsuite> <!-- testngpack.ParallelExecution1 -->
